<?xml version="1.0" encoding="UTF-8"?>
<!-- Generated by org.testng.reporters.JUnitXMLReporter -->
<testsuite ignored="0" hostname="cskpcloudwn3819" failures="2" tests="3" name="Test" time="23.569" errors="0" timestamp="08 Jan 2021 02:04:47 GMT">
  <testcase classname="com.banking.testcases.TC02_LoginUsingExcelTest" name="loginTest" time="6.203">
    <failure type="java.lang.AssertionError" message="expected [true] but found [false]">
      <![CDATA[java.lang.AssertionError: expected [true] but found [false]
	at com.banking.testcases.TC02_LoginUsingExcelTest.loginTest(TC02_LoginUsingExcelTest.java:35)
... Removed 29 stack frames]]>
    </failure>
  </testcase> <!-- loginTest -->
  <testcase classname="com.banking.testcases.TC02_LoginUsingExcelTest" name="loginTest" time="6.325"/>
  <testcase classname="com.banking.testcases.TC02_LoginUsingExcelTest" name="loginTest" time="5.422">
    <failure type="java.lang.AssertionError" message="expected [true] but found [false]">
      <![CDATA[java.lang.AssertionError: expected [true] but found [false]
	at com.banking.testcases.TC02_LoginUsingExcelTest.loginTest(TC02_LoginUsingExcelTest.java:35)
... Removed 29 stack frames]]>
    </failure>
  </testcase> <!-- loginTest -->
</testsuite> <!-- Test -->
