<?xml version="1.0" encoding="UTF-8"?>
<testsuite name="TestSuite" time="7.207" tests="3" errors="0" skipped="0" failures="2">
  <properties>
[...]
</properties>
  <testcase name="loginTest" classname="com.banking.testcases.TC02_LoginUsingExcelTest" time="7.207">
    <failure message="expected [true] but found [false]" type="java.lang.AssertionError">java.lang.AssertionError: expected [true] but found [false]
	at org.testng.Assert.fail(Assert.java:93)
	at org.testng.Assert.failNotEquals(Assert.java:512)
	at org.testng.Assert.assertTrue(Assert.java:41)
	at org.testng.Assert.assertTrue(Assert.java:51)
	at com.banking.testcases.TC02_LoginUsingExcelTest.loginTest(TC02_LoginUsingExcelTest.java:35)
</failure>
    <system-out><![CDATA[ INFO [main] (TC02_LoginUsingExcelTest.java:21)- Testcases starting
Screenshot taken
 INFO [main] (TC02_LoginUsingExcelTest.java:34)- Testcase Failed where userId :invalid01 password :jahetAp
]]></system-out>
    <system-err><![CDATA[Starting ChromeDriver 2.43.600210 (68dcf5eebde37173d4027fa8635e332711d2874a) on port 31711
Only local connections are allowed.
log4j:WARN No appenders could be found for logger (org.apache.http.client.protocol.RequestAddCookies).
log4j:WARN Please initialize the log4j system properly.
log4j:WARN See http://logging.apache.org/log4j/1.2/faq.html#noconfig for more info.
log4j:WARN File option not set for appender [R].
log4j:WARN Are you using FileAppender instead of ConsoleAppender?
log4j:ERROR No output stream or file set for the appender named [R].
]]></system-err>
  </testcase>
  <testcase name="loginTest" classname="com.banking.testcases.TC02_LoginUsingExcelTest" time="5.841"/>
  <testcase name="loginTest" classname="com.banking.testcases.TC02_LoginUsingExcelTest" time="4.664">
    <failure message="expected [true] but found [false]" type="java.lang.AssertionError">java.lang.AssertionError: expected [true] but found [false]
	at org.testng.Assert.fail(Assert.java:93)
	at org.testng.Assert.failNotEquals(Assert.java:512)
	at org.testng.Assert.assertTrue(Assert.java:41)
	at org.testng.Assert.assertTrue(Assert.java:51)
	at com.banking.testcases.TC02_LoginUsingExcelTest.loginTest(TC02_LoginUsingExcelTest.java:35)
</failure>
    <system-out><![CDATA[ INFO [main] (TC02_LoginUsingExcelTest.java:21)- Testcases starting
Screenshot taken
 INFO [main] (TC02_LoginUsingExcelTest.java:34)- Testcase Failed where userId :invalid02 password :bAdYvyb
]]></system-out>
  </testcase>
</testsuite>