<?xml version="1.0" encoding="UTF-8"?>
<!-- Generated by org.testng.reporters.JUnitXMLReporter -->
<testsuite ignored="0" hostname="cskpcloudwn3819" failures="2" tests="3" name="Test" time="22.458" errors="0" timestamp="08 Jan 2021 02:09:57 GMT">
  <testcase classname="com.banking.testcases.TC02_LoginUsingExcelTest" name="loginTest" time="7.204">
    <failure type="java.lang.AssertionError" message="expected [true] but found [false]">
      <![CDATA[java.lang.AssertionError: expected [true] but found [false]
	at com.banking.testcases.TC02_LoginUsingExcelTest.loginTest(TC02_LoginUsingExcelTest.java:35)
... Removed 32 stack frames]]>
    </failure>
  </testcase> <!-- loginTest -->
  <testcase classname="com.banking.testcases.TC02_LoginUsingExcelTest" name="loginTest" time="5.839"/>
  <testcase classname="com.banking.testcases.TC02_LoginUsingExcelTest" name="loginTest" time="4.659">
    <failure type="java.lang.AssertionError" message="expected [true] but found [false]">
      <![CDATA[java.lang.AssertionError: expected [true] but found [false]
	at com.banking.testcases.TC02_LoginUsingExcelTest.loginTest(TC02_LoginUsingExcelTest.java:35)
... Removed 32 stack frames]]>
    </failure>
  </testcase> <!-- loginTest -->
</testsuite> <!-- Test -->
